<?xml version="1.0" encoding="UTF-8"?>
<testsuite name="com.kevinschreuder.adventofcode.days.Day1Test" tests="2" skipped="0" failures="0" errors="0" timestamp="2021-12-06T16:07:38" hostname="Kevins-MacBook-Pro.local" time="0.034">
  <properties/>
  <testcase name="part1()" classname="com.kevinschreuder.adventofcode.days.Day1Test" time="0.032"/>
  <testcase name="part2()" classname="com.kevinschreuder.adventofcode.days.Day1Test" time="0.001"/>
  <system-out><![CDATA[]]></system-out>
  <system-err><![CDATA[]]></system-err>
</testsuite>
