<?xml version="1.0" encoding="UTF-8"?>
<testsuite name="com.kevinschreuder.adventofcode.days.Day2Test" tests="2" skipped="0" failures="0" errors="0" timestamp="2021-12-06T16:07:38" hostname="Kevins-MacBook-Pro.local" time="0.009">
  <properties/>
  <testcase name="part1()" classname="com.kevinschreuder.adventofcode.days.Day2Test" time="0.008"/>
  <testcase name="part2()" classname="com.kevinschreuder.adventofcode.days.Day2Test" time="0.0"/>
  <system-out><![CDATA[]]></system-out>
  <system-err><![CDATA[]]></system-err>
</testsuite>
